<?xml version="1.0" encoding="UTF-8"?>
<testsuites>
  <testsuite name="" tests="37" assertions="97" errors="0" warnings="0" failures="0" skipped="0" time="0.075790">
    <testsuite name="Project Test Suite" tests="37" assertions="97" errors="0" warnings="0" failures="0" skipped="0" time="0.075790">
      <testsuite name="App\Card\CardTest" file="C:\Users\jkota\dbwebb-kurser\mvc\me\report\tests\Card\CardTest.php" tests="2" assertions="8" errors="0" warnings="0" failures="0" skipped="0" time="0.018649">
        <testcase name="testCreateObject" class="App\Card\CardTest" classname="App.Card.CardTest" file="C:\Users\jkota\dbwebb-kurser\mvc\me\report\tests\Card\CardTest.php" line="16" assertions="5" time="0.017360"/>
        <testcase name="testChangeAce" class="App\Card\CardTest" classname="App.Card.CardTest" file="C:\Users\jkota\dbwebb-kurser\mvc\me\report\tests\Card\CardTest.php" line="34" assertions="3" time="0.001289"/>
      </testsuite>
      <testsuite name="App\Card\DeckTest" file="C:\Users\jkota\dbwebb-kurser\mvc\me\report\tests\Card\DeckTest.php" tests="3" assertions="9" errors="0" warnings="0" failures="0" skipped="0" time="0.008841">
        <testcase name="testCreateObject" class="App\Card\DeckTest" classname="App.Card.DeckTest" file="C:\Users\jkota\dbwebb-kurser\mvc\me\report\tests\Card\DeckTest.php" line="16" assertions="2" time="0.002571"/>
        <testcase name="testShuffleSort" class="App\Card\DeckTest" classname="App.Card.DeckTest" file="C:\Users\jkota\dbwebb-kurser\mvc\me\report\tests\Card\DeckTest.php" line="33" assertions="4" time="0.005246"/>
        <testcase name="testPopAndCount" class="App\Card\DeckTest" classname="App.Card.DeckTest" file="C:\Users\jkota\dbwebb-kurser\mvc\me\report\tests\Card\DeckTest.php" line="46" assertions="3" time="0.001024"/>
      </testsuite>
      <testsuite name="App\Card\DeckWithJokersTest" file="C:\Users\jkota\dbwebb-kurser\mvc\me\report\tests\Card\DeckWithJokersTest.php" tests="3" assertions="9" errors="0" warnings="0" failures="0" skipped="0" time="0.006947">
        <testcase name="testCreateObject" class="App\Card\DeckWithJokersTest" classname="App.Card.DeckWithJokersTest" file="C:\Users\jkota\dbwebb-kurser\mvc\me\report\tests\Card\DeckWithJokersTest.php" line="16" assertions="2" time="0.001840"/>
        <testcase name="testShuffleSort" class="App\Card\DeckWithJokersTest" classname="App.Card.DeckWithJokersTest" file="C:\Users\jkota\dbwebb-kurser\mvc\me\report\tests\Card\DeckWithJokersTest.php" line="33" assertions="4" time="0.004023"/>
        <testcase name="testPopAndCount" class="App\Card\DeckWithJokersTest" classname="App.Card.DeckWithJokersTest" file="C:\Users\jkota\dbwebb-kurser\mvc\me\report\tests\Card\DeckWithJokersTest.php" line="46" assertions="3" time="0.001084"/>
      </testsuite>
      <testsuite name="App\Card\GameTest" file="C:\Users\jkota\dbwebb-kurser\mvc\me\report\tests\Card\GameTest.php" tests="10" assertions="34" errors="0" warnings="0" failures="0" skipped="0" time="0.025374">
        <testcase name="testCreateObject" class="App\Card\GameTest" classname="App.Card.GameTest" file="C:\Users\jkota\dbwebb-kurser\mvc\me\report\tests\Card\GameTest.php" line="16" assertions="3" time="0.004519"/>
        <testcase name="testDeal" class="App\Card\GameTest" classname="App.Card.GameTest" file="C:\Users\jkota\dbwebb-kurser\mvc\me\report\tests\Card\GameTest.php" line="28" assertions="3" time="0.001380"/>
        <testcase name="testState" class="App\Card\GameTest" classname="App.Card.GameTest" file="C:\Users\jkota\dbwebb-kurser\mvc\me\report\tests\Card\GameTest.php" line="44" assertions="4" time="0.001127"/>
        <testcase name="testDealWithSortedDeck" class="App\Card\GameTest" classname="App.Card.GameTest" file="C:\Users\jkota\dbwebb-kurser\mvc\me\report\tests\Card\GameTest.php" line="59" assertions="3" time="0.004126"/>
        <testcase name="testWinningConditions" class="App\Card\GameTest" classname="App.Card.GameTest" file="C:\Users\jkota\dbwebb-kurser\mvc\me\report\tests\Card\GameTest.php" line="76" assertions="5" time="0.001345"/>
        <testcase name="testDealerAi" class="App\Card\GameTest" classname="App.Card.GameTest" file="C:\Users\jkota\dbwebb-kurser\mvc\me\report\tests\Card\GameTest.php" line="143" assertions="2" time="0.000904"/>
        <testcase name="testGetPlayerCash" class="App\Card\GameTest" classname="App.Card.GameTest" file="C:\Users\jkota\dbwebb-kurser\mvc\me\report\tests\Card\GameTest.php" line="169" assertions="3" time="0.008359"/>
        <testcase name="testBet" class="App\Card\GameTest" classname="App.Card.GameTest" file="C:\Users\jkota\dbwebb-kurser\mvc\me\report\tests\Card\GameTest.php" line="193" assertions="2" time="0.001357"/>
        <testcase name="testSetAceValue" class="App\Card\GameTest" classname="App.Card.GameTest" file="C:\Users\jkota\dbwebb-kurser\mvc\me\report\tests\Card\GameTest.php" line="203" assertions="3" time="0.000714"/>
        <testcase name="testResetHandDeck" class="App\Card\GameTest" classname="App.Card.GameTest" file="C:\Users\jkota\dbwebb-kurser\mvc\me\report\tests\Card\GameTest.php" line="217" assertions="6" time="0.001542"/>
      </testsuite>
      <testsuite name="App\Card\HandTest" file="C:\Users\jkota\dbwebb-kurser\mvc\me\report\tests\Card\HandTest.php" tests="5" assertions="11" errors="0" warnings="0" failures="0" skipped="0" time="0.003170">
        <testcase name="testCreateObject" class="App\Card\HandTest" classname="App.Card.HandTest" file="C:\Users\jkota\dbwebb-kurser\mvc\me\report\tests\Card\HandTest.php" line="16" assertions="2" time="0.000543"/>
        <testcase name="testAddGetCountCards" class="App\Card\HandTest" classname="App.Card.HandTest" file="C:\Users\jkota\dbwebb-kurser\mvc\me\report\tests\Card\HandTest.php" line="27" assertions="4" time="0.000668"/>
        <testcase name="testSetAceValue" class="App\Card\HandTest" classname="App.Card.HandTest" file="C:\Users\jkota\dbwebb-kurser\mvc\me\report\tests\Card\HandTest.php" line="47" assertions="3" time="0.000641"/>
        <testcase name="testCalculateValue" class="App\Card\HandTest" classname="App.Card.HandTest" file="C:\Users\jkota\dbwebb-kurser\mvc\me\report\tests\Card\HandTest.php" line="65" assertions="1" time="0.000708"/>
        <testcase name="testGetAllCardImgSrc" class="App\Card\HandTest" classname="App.Card.HandTest" file="C:\Users\jkota\dbwebb-kurser\mvc\me\report\tests\Card\HandTest.php" line="83" assertions="1" time="0.000611"/>
      </testsuite>
      <testsuite name="App\Card\PlayerTest" file="C:\Users\jkota\dbwebb-kurser\mvc\me\report\tests\Card\PlayerTest.php" tests="7" assertions="19" errors="0" warnings="0" failures="0" skipped="0" time="0.004674">
        <testcase name="testCreateObject" class="App\Card\PlayerTest" classname="App.Card.PlayerTest" file="C:\Users\jkota\dbwebb-kurser\mvc\me\report\tests\Card\PlayerTest.php" line="16" assertions="4" time="0.000566"/>
        <testcase name="testAddCountCards" class="App\Card\PlayerTest" classname="App.Card.PlayerTest" file="C:\Users\jkota\dbwebb-kurser\mvc\me\report\tests\Card\PlayerTest.php" line="29" assertions="1" time="0.000664"/>
        <testcase name="testGetPoints" class="App\Card\PlayerTest" classname="App.Card.PlayerTest" file="C:\Users\jkota\dbwebb-kurser\mvc\me\report\tests\Card\PlayerTest.php" line="38" assertions="1" time="0.000682"/>
        <testcase name="testSetAceValue" class="App\Card\PlayerTest" classname="App.Card.PlayerTest" file="C:\Users\jkota\dbwebb-kurser\mvc\me\report\tests\Card\PlayerTest.php" line="54" assertions="3" time="0.000649"/>
        <testcase name="testSetGetBet" class="App\Card\PlayerTest" classname="App.Card.PlayerTest" file="C:\Users\jkota\dbwebb-kurser\mvc\me\report\tests\Card\PlayerTest.php" line="70" assertions="2" time="0.000621"/>
        <testcase name="testAddMoney" class="App\Card\PlayerTest" classname="App.Card.PlayerTest" file="C:\Users\jkota\dbwebb-kurser\mvc\me\report\tests\Card\PlayerTest.php" line="82" assertions="3" time="0.000706"/>
        <testcase name="testResetHand" class="App\Card\PlayerTest" classname="App.Card.PlayerTest" file="C:\Users\jkota\dbwebb-kurser\mvc\me\report\tests\Card\PlayerTest.php" line="98" assertions="5" time="0.000785"/>
      </testsuite>
      <testsuite name="App\ChartCreator\ChartCreatorTest" file="C:\Users\jkota\dbwebb-kurser\mvc\me\report\tests\ChartCreator\ChartCreatorTest.php" tests="7" assertions="7" errors="0" warnings="0" failures="0" skipped="0" time="0.008136">
        <testcase name="testCreateObject" class="App\ChartCreator\ChartCreatorTest" classname="App.ChartCreator.ChartCreatorTest" file="C:\Users\jkota\dbwebb-kurser\mvc\me\report\tests\ChartCreator\ChartCreatorTest.php" line="16" assertions="1" time="0.002098"/>
        <testcase name="testCreateSingleLineChart" class="App\ChartCreator\ChartCreatorTest" classname="App.ChartCreator.ChartCreatorTest" file="C:\Users\jkota\dbwebb-kurser\mvc\me\report\tests\ChartCreator\ChartCreatorTest.php" line="28" assertions="1" time="0.002798"/>
        <testcase name="testCreateMultipleLineChart" class="App\ChartCreator\ChartCreatorTest" classname="App.ChartCreator.ChartCreatorTest" file="C:\Users\jkota\dbwebb-kurser\mvc\me\report\tests\ChartCreator\ChartCreatorTest.php" line="42" assertions="1" time="0.000670"/>
        <testcase name="testSingleLineDatasets" class="App\ChartCreator\ChartCreatorTest" classname="App.ChartCreator.ChartCreatorTest" file="C:\Users\jkota\dbwebb-kurser\mvc\me\report\tests\ChartCreator\ChartCreatorTest.php" line="57" assertions="1" time="0.000553"/>
        <testcase name="testSingleLineOptions" class="App\ChartCreator\ChartCreatorTest" classname="App.ChartCreator.ChartCreatorTest" file="C:\Users\jkota\dbwebb-kurser\mvc\me\report\tests\ChartCreator\ChartCreatorTest.php" line="82" assertions="1" time="0.000636"/>
        <testcase name="testMultipleLineDatasets" class="App\ChartCreator\ChartCreatorTest" classname="App.ChartCreator.ChartCreatorTest" file="C:\Users\jkota\dbwebb-kurser\mvc\me\report\tests\ChartCreator\ChartCreatorTest.php" line="131" assertions="1" time="0.000716"/>
        <testcase name="testMultipleLineOptions" class="App\ChartCreator\ChartCreatorTest" classname="App.ChartCreator.ChartCreatorTest" file="C:\Users\jkota\dbwebb-kurser\mvc\me\report\tests\ChartCreator\ChartCreatorTest.php" line="173" assertions="1" time="0.000667"/>
      </testsuite>
    </testsuite>
  </testsuite>
</testsuites>
