<?xml version="1.0" encoding="UTF-8"?>
<testsuites>
  <testsuite name="" tests="30" assertions="90" errors="0" warnings="0" failures="0" skipped="0" time="0.066174">
    <testsuite name="Project Test Suite" tests="30" assertions="90" errors="0" warnings="0" failures="0" skipped="0" time="0.066174">
      <testsuite name="App\Card\CardTest" file="C:\Users\jkota\dbwebb-kurser\mvc\me\report\tests\Card\CardTest.php" tests="2" assertions="8" errors="0" warnings="0" failures="0" skipped="0" time="0.017668">
        <testcase name="testCreateObject" class="App\Card\CardTest" classname="App.Card.CardTest" file="C:\Users\jkota\dbwebb-kurser\mvc\me\report\tests\Card\CardTest.php" line="16" assertions="5" time="0.016909"/>
        <testcase name="testChangeAce" class="App\Card\CardTest" classname="App.Card.CardTest" file="C:\Users\jkota\dbwebb-kurser\mvc\me\report\tests\Card\CardTest.php" line="34" assertions="3" time="0.000759"/>
      </testsuite>
      <testsuite name="App\Card\DeckTest" file="C:\Users\jkota\dbwebb-kurser\mvc\me\report\tests\Card\DeckTest.php" tests="3" assertions="9" errors="0" warnings="0" failures="0" skipped="0" time="0.008423">
        <testcase name="testCreateObject" class="App\Card\DeckTest" classname="App.Card.DeckTest" file="C:\Users\jkota\dbwebb-kurser\mvc\me\report\tests\Card\DeckTest.php" line="16" assertions="2" time="0.001985"/>
        <testcase name="testShuffleSort" class="App\Card\DeckTest" classname="App.Card.DeckTest" file="C:\Users\jkota\dbwebb-kurser\mvc\me\report\tests\Card\DeckTest.php" line="33" assertions="4" time="0.005457"/>
        <testcase name="testPopAndCount" class="App\Card\DeckTest" classname="App.Card.DeckTest" file="C:\Users\jkota\dbwebb-kurser\mvc\me\report\tests\Card\DeckTest.php" line="46" assertions="3" time="0.000981"/>
      </testsuite>
      <testsuite name="App\Card\DeckWithJokersTest" file="C:\Users\jkota\dbwebb-kurser\mvc\me\report\tests\Card\DeckWithJokersTest.php" tests="3" assertions="9" errors="0" warnings="0" failures="0" skipped="0" time="0.007057">
        <testcase name="testCreateObject" class="App\Card\DeckWithJokersTest" classname="App.Card.DeckWithJokersTest" file="C:\Users\jkota\dbwebb-kurser\mvc\me\report\tests\Card\DeckWithJokersTest.php" line="16" assertions="2" time="0.001821"/>
        <testcase name="testShuffleSort" class="App\Card\DeckWithJokersTest" classname="App.Card.DeckWithJokersTest" file="C:\Users\jkota\dbwebb-kurser\mvc\me\report\tests\Card\DeckWithJokersTest.php" line="33" assertions="4" time="0.004200"/>
        <testcase name="testPopAndCount" class="App\Card\DeckWithJokersTest" classname="App.Card.DeckWithJokersTest" file="C:\Users\jkota\dbwebb-kurser\mvc\me\report\tests\Card\DeckWithJokersTest.php" line="46" assertions="3" time="0.001036"/>
      </testsuite>
      <testsuite name="App\Card\GameTest" file="C:\Users\jkota\dbwebb-kurser\mvc\me\report\tests\Card\GameTest.php" tests="10" assertions="34" errors="0" warnings="0" failures="0" skipped="0" time="0.025806">
        <testcase name="testCreateObject" class="App\Card\GameTest" classname="App.Card.GameTest" file="C:\Users\jkota\dbwebb-kurser\mvc\me\report\tests\Card\GameTest.php" line="16" assertions="3" time="0.004507"/>
        <testcase name="testDeal" class="App\Card\GameTest" classname="App.Card.GameTest" file="C:\Users\jkota\dbwebb-kurser\mvc\me\report\tests\Card\GameTest.php" line="28" assertions="3" time="0.001288"/>
        <testcase name="testState" class="App\Card\GameTest" classname="App.Card.GameTest" file="C:\Users\jkota\dbwebb-kurser\mvc\me\report\tests\Card\GameTest.php" line="44" assertions="4" time="0.001142"/>
        <testcase name="testDealWithSortedDeck" class="App\Card\GameTest" classname="App.Card.GameTest" file="C:\Users\jkota\dbwebb-kurser\mvc\me\report\tests\Card\GameTest.php" line="59" assertions="3" time="0.004435"/>
        <testcase name="testWinningConditions" class="App\Card\GameTest" classname="App.Card.GameTest" file="C:\Users\jkota\dbwebb-kurser\mvc\me\report\tests\Card\GameTest.php" line="76" assertions="5" time="0.001409"/>
        <testcase name="testDealerAi" class="App\Card\GameTest" classname="App.Card.GameTest" file="C:\Users\jkota\dbwebb-kurser\mvc\me\report\tests\Card\GameTest.php" line="143" assertions="2" time="0.001014"/>
        <testcase name="testGetPlayerCash" class="App\Card\GameTest" classname="App.Card.GameTest" file="C:\Users\jkota\dbwebb-kurser\mvc\me\report\tests\Card\GameTest.php" line="169" assertions="3" time="0.008684"/>
        <testcase name="testBet" class="App\Card\GameTest" classname="App.Card.GameTest" file="C:\Users\jkota\dbwebb-kurser\mvc\me\report\tests\Card\GameTest.php" line="193" assertions="2" time="0.001108"/>
        <testcase name="testSetAceValue" class="App\Card\GameTest" classname="App.Card.GameTest" file="C:\Users\jkota\dbwebb-kurser\mvc\me\report\tests\Card\GameTest.php" line="203" assertions="3" time="0.000669"/>
        <testcase name="testResetHandDeck" class="App\Card\GameTest" classname="App.Card.GameTest" file="C:\Users\jkota\dbwebb-kurser\mvc\me\report\tests\Card\GameTest.php" line="217" assertions="6" time="0.001549"/>
      </testsuite>
      <testsuite name="App\Card\HandTest" file="C:\Users\jkota\dbwebb-kurser\mvc\me\report\tests\Card\HandTest.php" tests="5" assertions="11" errors="0" warnings="0" failures="0" skipped="0" time="0.002893">
        <testcase name="testCreateObject" class="App\Card\HandTest" classname="App.Card.HandTest" file="C:\Users\jkota\dbwebb-kurser\mvc\me\report\tests\Card\HandTest.php" line="16" assertions="2" time="0.000562"/>
        <testcase name="testAddGetCountCards" class="App\Card\HandTest" classname="App.Card.HandTest" file="C:\Users\jkota\dbwebb-kurser\mvc\me\report\tests\Card\HandTest.php" line="27" assertions="4" time="0.000586"/>
        <testcase name="testSetAceValue" class="App\Card\HandTest" classname="App.Card.HandTest" file="C:\Users\jkota\dbwebb-kurser\mvc\me\report\tests\Card\HandTest.php" line="47" assertions="3" time="0.000571"/>
        <testcase name="testCalculateValue" class="App\Card\HandTest" classname="App.Card.HandTest" file="C:\Users\jkota\dbwebb-kurser\mvc\me\report\tests\Card\HandTest.php" line="65" assertions="1" time="0.000596"/>
        <testcase name="testGetAllCardImgSrc" class="App\Card\HandTest" classname="App.Card.HandTest" file="C:\Users\jkota\dbwebb-kurser\mvc\me\report\tests\Card\HandTest.php" line="83" assertions="1" time="0.000578"/>
      </testsuite>
      <testsuite name="App\Card\PlayerTest" file="C:\Users\jkota\dbwebb-kurser\mvc\me\report\tests\Card\PlayerTest.php" tests="7" assertions="19" errors="0" warnings="0" failures="0" skipped="0" time="0.004328">
        <testcase name="testCreateObject" class="App\Card\PlayerTest" classname="App.Card.PlayerTest" file="C:\Users\jkota\dbwebb-kurser\mvc\me\report\tests\Card\PlayerTest.php" line="16" assertions="4" time="0.000567"/>
        <testcase name="testAddCountCards" class="App\Card\PlayerTest" classname="App.Card.PlayerTest" file="C:\Users\jkota\dbwebb-kurser\mvc\me\report\tests\Card\PlayerTest.php" line="29" assertions="1" time="0.000569"/>
        <testcase name="testGetPoints" class="App\Card\PlayerTest" classname="App.Card.PlayerTest" file="C:\Users\jkota\dbwebb-kurser\mvc\me\report\tests\Card\PlayerTest.php" line="38" assertions="1" time="0.000598"/>
        <testcase name="testSetAceValue" class="App\Card\PlayerTest" classname="App.Card.PlayerTest" file="C:\Users\jkota\dbwebb-kurser\mvc\me\report\tests\Card\PlayerTest.php" line="54" assertions="3" time="0.000620"/>
        <testcase name="testSetGetBet" class="App\Card\PlayerTest" classname="App.Card.PlayerTest" file="C:\Users\jkota\dbwebb-kurser\mvc\me\report\tests\Card\PlayerTest.php" line="70" assertions="2" time="0.000533"/>
        <testcase name="testAddMoney" class="App\Card\PlayerTest" classname="App.Card.PlayerTest" file="C:\Users\jkota\dbwebb-kurser\mvc\me\report\tests\Card\PlayerTest.php" line="82" assertions="3" time="0.000692"/>
        <testcase name="testResetHand" class="App\Card\PlayerTest" classname="App.Card.PlayerTest" file="C:\Users\jkota\dbwebb-kurser\mvc\me\report\tests\Card\PlayerTest.php" line="98" assertions="5" time="0.000749"/>
      </testsuite>
    </testsuite>
  </testsuite>
</testsuites>
