<?xml version="1.0" encoding="UTF-8"?>
<testsuites>
  <testsuite name="" tests="39" assertions="101" errors="0" warnings="0" failures="0" skipped="0" time="0.059714">
    <testsuite name="all" tests="39" assertions="101" errors="0" warnings="0" failures="0" skipped="0" time="0.059714">
      <testsuite name="App\Utils\ArrayUtilsTest" file="C:\Users\jkota\dbwebb-kurser\mvc\me\report\tests\ArrayUtils\ArrayUtilsTest.php" tests="2" assertions="2" errors="0" warnings="0" failures="0" skipped="0" time="0.006250">
        <testcase name="testArrayFlip" class="App\Utils\ArrayUtilsTest" classname="App.Utils.ArrayUtilsTest" file="C:\Users\jkota\dbwebb-kurser\mvc\me\report\tests\ArrayUtils\ArrayUtilsTest.php" line="15" assertions="1" time="0.005078"/>
        <testcase name="testArrayFlipUnevenArray" class="App\Utils\ArrayUtilsTest" classname="App.Utils.ArrayUtilsTest" file="C:\Users\jkota\dbwebb-kurser\mvc\me\report\tests\ArrayUtils\ArrayUtilsTest.php" line="27" assertions="1" time="0.001173"/>
      </testsuite>
      <testsuite name="App\Card\CardTest" file="C:\Users\jkota\dbwebb-kurser\mvc\me\report\tests\Card\CardTest.php" tests="2" assertions="8" errors="0" warnings="0" failures="0" skipped="0" time="0.001951">
        <testcase name="testCreateObject" class="App\Card\CardTest" classname="App.Card.CardTest" file="C:\Users\jkota\dbwebb-kurser\mvc\me\report\tests\Card\CardTest.php" line="16" assertions="5" time="0.001196"/>
        <testcase name="testChangeAce" class="App\Card\CardTest" classname="App.Card.CardTest" file="C:\Users\jkota\dbwebb-kurser\mvc\me\report\tests\Card\CardTest.php" line="34" assertions="3" time="0.000754"/>
      </testsuite>
      <testsuite name="App\Card\DeckTest" file="C:\Users\jkota\dbwebb-kurser\mvc\me\report\tests\Card\DeckTest.php" tests="3" assertions="9" errors="0" warnings="0" failures="0" skipped="0" time="0.006880">
        <testcase name="testCreateObject" class="App\Card\DeckTest" classname="App.Card.DeckTest" file="C:\Users\jkota\dbwebb-kurser\mvc\me\report\tests\Card\DeckTest.php" line="16" assertions="2" time="0.001391"/>
        <testcase name="testShuffleSort" class="App\Card\DeckTest" classname="App.Card.DeckTest" file="C:\Users\jkota\dbwebb-kurser\mvc\me\report\tests\Card\DeckTest.php" line="36" assertions="4" time="0.004467"/>
        <testcase name="testPopAndCount" class="App\Card\DeckTest" classname="App.Card.DeckTest" file="C:\Users\jkota\dbwebb-kurser\mvc\me\report\tests\Card\DeckTest.php" line="52" assertions="3" time="0.001022"/>
      </testsuite>
      <testsuite name="App\Card\DeckWithJokersTest" file="C:\Users\jkota\dbwebb-kurser\mvc\me\report\tests\Card\DeckWithJokersTest.php" tests="3" assertions="9" errors="0" warnings="0" failures="0" skipped="0" time="0.007043">
        <testcase name="testCreateObject" class="App\Card\DeckWithJokersTest" classname="App.Card.DeckWithJokersTest" file="C:\Users\jkota\dbwebb-kurser\mvc\me\report\tests\Card\DeckWithJokersTest.php" line="16" assertions="2" time="0.001636"/>
        <testcase name="testShuffleSort" class="App\Card\DeckWithJokersTest" classname="App.Card.DeckWithJokersTest" file="C:\Users\jkota\dbwebb-kurser\mvc\me\report\tests\Card\DeckWithJokersTest.php" line="36" assertions="4" time="0.004330"/>
        <testcase name="testPopAndCount" class="App\Card\DeckWithJokersTest" classname="App.Card.DeckWithJokersTest" file="C:\Users\jkota\dbwebb-kurser\mvc\me\report\tests\Card\DeckWithJokersTest.php" line="52" assertions="3" time="0.001076"/>
      </testsuite>
      <testsuite name="App\Card\GameTest" file="C:\Users\jkota\dbwebb-kurser\mvc\me\report\tests\Card\GameTest.php" tests="10" assertions="34" errors="0" warnings="0" failures="0" skipped="0" time="0.024221">
        <testcase name="testCreateObject" class="App\Card\GameTest" classname="App.Card.GameTest" file="C:\Users\jkota\dbwebb-kurser\mvc\me\report\tests\Card\GameTest.php" line="16" assertions="3" time="0.001902"/>
        <testcase name="testDeal" class="App\Card\GameTest" classname="App.Card.GameTest" file="C:\Users\jkota\dbwebb-kurser\mvc\me\report\tests\Card\GameTest.php" line="28" assertions="3" time="0.001580"/>
        <testcase name="testState" class="App\Card\GameTest" classname="App.Card.GameTest" file="C:\Users\jkota\dbwebb-kurser\mvc\me\report\tests\Card\GameTest.php" line="44" assertions="4" time="0.001093"/>
        <testcase name="testDealWithSortedDeck" class="App\Card\GameTest" classname="App.Card.GameTest" file="C:\Users\jkota\dbwebb-kurser\mvc\me\report\tests\Card\GameTest.php" line="59" assertions="3" time="0.004353"/>
        <testcase name="testWinningConditions" class="App\Card\GameTest" classname="App.Card.GameTest" file="C:\Users\jkota\dbwebb-kurser\mvc\me\report\tests\Card\GameTest.php" line="76" assertions="5" time="0.001344"/>
        <testcase name="testDealerAi" class="App\Card\GameTest" classname="App.Card.GameTest" file="C:\Users\jkota\dbwebb-kurser\mvc\me\report\tests\Card\GameTest.php" line="143" assertions="2" time="0.000938"/>
        <testcase name="testGetPlayerCash" class="App\Card\GameTest" classname="App.Card.GameTest" file="C:\Users\jkota\dbwebb-kurser\mvc\me\report\tests\Card\GameTest.php" line="169" assertions="3" time="0.009328"/>
        <testcase name="testBet" class="App\Card\GameTest" classname="App.Card.GameTest" file="C:\Users\jkota\dbwebb-kurser\mvc\me\report\tests\Card\GameTest.php" line="193" assertions="2" time="0.001344"/>
        <testcase name="testSetAceValue" class="App\Card\GameTest" classname="App.Card.GameTest" file="C:\Users\jkota\dbwebb-kurser\mvc\me\report\tests\Card\GameTest.php" line="203" assertions="3" time="0.000723"/>
        <testcase name="testResetHandDeck" class="App\Card\GameTest" classname="App.Card.GameTest" file="C:\Users\jkota\dbwebb-kurser\mvc\me\report\tests\Card\GameTest.php" line="217" assertions="6" time="0.001615"/>
      </testsuite>
      <testsuite name="App\Card\HandTest" file="C:\Users\jkota\dbwebb-kurser\mvc\me\report\tests\Card\HandTest.php" tests="5" assertions="11" errors="0" warnings="0" failures="0" skipped="0" time="0.003278">
        <testcase name="testCreateObject" class="App\Card\HandTest" classname="App.Card.HandTest" file="C:\Users\jkota\dbwebb-kurser\mvc\me\report\tests\Card\HandTest.php" line="16" assertions="2" time="0.000577"/>
        <testcase name="testAddGetCountCards" class="App\Card\HandTest" classname="App.Card.HandTest" file="C:\Users\jkota\dbwebb-kurser\mvc\me\report\tests\Card\HandTest.php" line="27" assertions="4" time="0.000658"/>
        <testcase name="testSetAceValue" class="App\Card\HandTest" classname="App.Card.HandTest" file="C:\Users\jkota\dbwebb-kurser\mvc\me\report\tests\Card\HandTest.php" line="47" assertions="3" time="0.000789"/>
        <testcase name="testCalculateValue" class="App\Card\HandTest" classname="App.Card.HandTest" file="C:\Users\jkota\dbwebb-kurser\mvc\me\report\tests\Card\HandTest.php" line="65" assertions="1" time="0.000680"/>
        <testcase name="testGetAllCardImgSrc" class="App\Card\HandTest" classname="App.Card.HandTest" file="C:\Users\jkota\dbwebb-kurser\mvc\me\report\tests\Card\HandTest.php" line="83" assertions="1" time="0.000573"/>
      </testsuite>
      <testsuite name="App\Card\PlayerTest" file="C:\Users\jkota\dbwebb-kurser\mvc\me\report\tests\Card\PlayerTest.php" tests="7" assertions="19" errors="0" warnings="0" failures="0" skipped="0" time="0.004550">
        <testcase name="testCreateObject" class="App\Card\PlayerTest" classname="App.Card.PlayerTest" file="C:\Users\jkota\dbwebb-kurser\mvc\me\report\tests\Card\PlayerTest.php" line="16" assertions="4" time="0.000630"/>
        <testcase name="testAddCountCards" class="App\Card\PlayerTest" classname="App.Card.PlayerTest" file="C:\Users\jkota\dbwebb-kurser\mvc\me\report\tests\Card\PlayerTest.php" line="29" assertions="1" time="0.000609"/>
        <testcase name="testGetPoints" class="App\Card\PlayerTest" classname="App.Card.PlayerTest" file="C:\Users\jkota\dbwebb-kurser\mvc\me\report\tests\Card\PlayerTest.php" line="41" assertions="1" time="0.000630"/>
        <testcase name="testSetAceValue" class="App\Card\PlayerTest" classname="App.Card.PlayerTest" file="C:\Users\jkota\dbwebb-kurser\mvc\me\report\tests\Card\PlayerTest.php" line="55" assertions="3" time="0.000598"/>
        <testcase name="testSetGetBet" class="App\Card\PlayerTest" classname="App.Card.PlayerTest" file="C:\Users\jkota\dbwebb-kurser\mvc\me\report\tests\Card\PlayerTest.php" line="70" assertions="2" time="0.000518"/>
        <testcase name="testAddMoney" class="App\Card\PlayerTest" classname="App.Card.PlayerTest" file="C:\Users\jkota\dbwebb-kurser\mvc\me\report\tests\Card\PlayerTest.php" line="82" assertions="3" time="0.000665"/>
        <testcase name="testResetHand" class="App\Card\PlayerTest" classname="App.Card.PlayerTest" file="C:\Users\jkota\dbwebb-kurser\mvc\me\report\tests\Card\PlayerTest.php" line="98" assertions="5" time="0.000900"/>
      </testsuite>
      <testsuite name="App\ChartCreator\ChartCreatorTest" file="C:\Users\jkota\dbwebb-kurser\mvc\me\report\tests\ChartCreator\ChartCreatorTest.php" tests="7" assertions="9" errors="0" warnings="0" failures="0" skipped="0" time="0.005543">
        <testcase name="testCreateObject" class="App\ChartCreator\ChartCreatorTest" classname="App.ChartCreator.ChartCreatorTest" file="C:\Users\jkota\dbwebb-kurser\mvc\me\report\tests\ChartCreator\ChartCreatorTest.php" line="16" assertions="1" time="0.000928"/>
        <testcase name="testCreateSingleLineChart" class="App\ChartCreator\ChartCreatorTest" classname="App.ChartCreator.ChartCreatorTest" file="C:\Users\jkota\dbwebb-kurser\mvc\me\report\tests\ChartCreator\ChartCreatorTest.php" line="28" assertions="2" time="0.001562"/>
        <testcase name="testCreateMultipleLineChart" class="App\ChartCreator\ChartCreatorTest" classname="App.ChartCreator.ChartCreatorTest" file="C:\Users\jkota\dbwebb-kurser\mvc\me\report\tests\ChartCreator\ChartCreatorTest.php" line="43" assertions="2" time="0.000714"/>
        <testcase name="testSingleLineDatasets" class="App\ChartCreator\ChartCreatorTest" classname="App.ChartCreator.ChartCreatorTest" file="C:\Users\jkota\dbwebb-kurser\mvc\me\report\tests\ChartCreator\ChartCreatorTest.php" line="62" assertions="1" time="0.000585"/>
        <testcase name="testSingleLineOptions" class="App\ChartCreator\ChartCreatorTest" classname="App.ChartCreator.ChartCreatorTest" file="C:\Users\jkota\dbwebb-kurser\mvc\me\report\tests\ChartCreator\ChartCreatorTest.php" line="87" assertions="1" time="0.000584"/>
        <testcase name="testMultipleLineDatasets" class="App\ChartCreator\ChartCreatorTest" classname="App.ChartCreator.ChartCreatorTest" file="C:\Users\jkota\dbwebb-kurser\mvc\me\report\tests\ChartCreator\ChartCreatorTest.php" line="136" assertions="1" time="0.000545"/>
        <testcase name="testMultipleLineOptions" class="App\ChartCreator\ChartCreatorTest" classname="App.ChartCreator.ChartCreatorTest" file="C:\Users\jkota\dbwebb-kurser\mvc\me\report\tests\ChartCreator\ChartCreatorTest.php" line="181" assertions="1" time="0.000624"/>
      </testsuite>
    </testsuite>
  </testsuite>
</testsuites>
